Traceback (most recent call last):
  File "/opt/jupyterhub/lib/python3.8/site-packages/jupyter_cache/executors/utils.py", line 51, in single_nb_execution
    executenb(
  File "/opt/jupyterhub/lib/python3.8/site-packages/nbclient/client.py", line 1087, in execute
    return NotebookClient(nb=nb, resources=resources, km=km, **kwargs).execute()
  File "/opt/jupyterhub/lib/python3.8/site-packages/nbclient/util.py", line 74, in wrapped
    return just_run(coro(*args, **kwargs))
  File "/opt/jupyterhub/lib/python3.8/site-packages/nbclient/util.py", line 53, in just_run
    return loop.run_until_complete(coro)
  File "/usr/lib/python3.8/asyncio/base_events.py", line 616, in run_until_complete
    return future.result()
  File "/opt/jupyterhub/lib/python3.8/site-packages/nbclient/client.py", line 540, in async_execute
    await self.async_execute_cell(
  File "/opt/jupyterhub/lib/python3.8/site-packages/nbclient/client.py", line 832, in async_execute_cell
    self._check_raise_for_error(cell, exec_reply)
  File "/opt/jupyterhub/lib/python3.8/site-packages/nbclient/client.py", line 740, in _check_raise_for_error
    raise CellExecutionError.from_cell_and_msg(cell, exec_reply['content'])
nbclient.exceptions.CellExecutionError: An error occurred while executing the following cell:
------------------
flowgpm = [i for i in range(0,3750,250)] # list of flowrates
flowcfs = [0 for i in range (len(flowgpm))] # empty list for conversion
# convert to cfs
for i in range(len(flowgpm)):
    flowcfs[i]=gpm2cfs(flowgpm[i])
addedheads = []
for i in range(len(flowrates)):
    addedheads.append(system_curve(10,20,flowcfs[i],1000,10./12.,0.020,0.03,0.35,1.0,32.2))
print("--- System Curve Table --- \n Flow (gpm)  Added Head (ft)")
for i in range(len(flowgpm)):
    print(" ",round(flowgpm[i],1),"        ",round(addedheads[i],1))
------------------

[0;31m---------------------------------------------------------------------------[0m
[0;31mNameError[0m                                 Traceback (most recent call last)
[0;32m<ipython-input-2-b2969cb6b550>[0m in [0;36m<module>[0;34m[0m
[1;32m      5[0m     [0mflowcfs[0m[0;34m[[0m[0mi[0m[0;34m][0m[0;34m=[0m[0mgpm2cfs[0m[0;34m([0m[0mflowgpm[0m[0;34m[[0m[0mi[0m[0;34m][0m[0;34m)[0m[0;34m[0m[0;34m[0m[0m
[1;32m      6[0m [0maddedheads[0m [0;34m=[0m [0;34m[[0m[0;34m][0m[0;34m[0m[0;34m[0m[0m
[0;32m----> 7[0;31m [0;32mfor[0m [0mi[0m [0;32min[0m [0mrange[0m[0;34m([0m[0mlen[0m[0;34m([0m[0mflowrates[0m[0;34m)[0m[0;34m)[0m[0;34m:[0m[0;34m[0m[0;34m[0m[0m
[0m[1;32m      8[0m     [0maddedheads[0m[0;34m.[0m[0mappend[0m[0;34m([0m[0msystem_curve[0m[0;34m([0m[0;36m10[0m[0;34m,[0m[0;36m20[0m[0;34m,[0m[0mflowcfs[0m[0;34m[[0m[0mi[0m[0;34m][0m[0;34m,[0m[0;36m1000[0m[0;34m,[0m[0;36m10.[0m[0;34m/[0m[0;36m12.[0m[0;34m,[0m[0;36m0.020[0m[0;34m,[0m[0;36m0.03[0m[0;34m,[0m[0;36m0.35[0m[0;34m,[0m[0;36m1.0[0m[0;34m,[0m[0;36m32.2[0m[0;34m)[0m[0;34m)[0m[0;34m[0m[0;34m[0m[0m
[1;32m      9[0m [0mprint[0m[0;34m([0m[0;34m"--- System Curve Table --- \n Flow (gpm)  Added Head (ft)"[0m[0;34m)[0m[0;34m[0m[0;34m[0m[0m

[0;31mNameError[0m: name 'flowrates' is not defined
NameError: name 'flowrates' is not defined

